# JRE version: OpenJDK Runtime Environment (14.0.2+12) (build 14.0.2+12-46)
# Java VM: OpenJDK 64-Bit Server VM (14.0.2+12-46, mixed mode, tiered, compressed oops, g1 gc, windows-amd64)
Heap:
 garbage-first heap   total 20480K, used 11454K [0x0000000701000000, 0x0000000800000000)
  region size 1024K, 9 young (9216K), 1 survivors (1024K)
 Metaspace       used 22359K, capacity 22772K, committed 22960K, reserved 1069056K
  class space    used 2413K, capacity 2562K, committed 2688K, reserved 1048576K
GC Heap History (16 events):
Event: 1.185 GC heap before
{Heap before GC invocations=0 (full 0):
 garbage-first heap   total 262144K, used 22528K [0x0000000701000000, 0x0000000800000000)
  region size 1024K, 23 young (23552K), 0 survivors (0K)
 Metaspace       used 20447K, capacity 20840K, committed 20864K, reserved 1067008K
  class space    used 2270K, capacity 2417K, committed 2432K, reserved 1048576K
}
Event: 1.190 GC heap after
{Heap after GC invocations=1 (full 0):
 garbage-first heap   total 262144K, used 3504K [0x0000000701000000, 0x0000000800000000)
  region size 1024K, 3 young (3072K), 3 survivors (3072K)
 Metaspace       used 20447K, capacity 20840K, committed 20864K, reserved 1067008K
  class space    used 2270K, capacity 2417K, committed 2432K, reserved 1048576K
}
Event: 1.232 GC heap before
{Heap before GC invocations=1 (full 0):
 garbage-first heap   total 262144K, used 6576K [0x0000000701000000, 0x0000000800000000)
  region size 1024K, 7 young (7168K), 3 survivors (3072K)
 Metaspace       used 20797K, capacity 21153K, committed 21296K, reserved 1069056K
  class space    used 2313K, capacity 2455K, committed 2560K, reserved 1048576K
}
Event: 1.236 GC heap after
{Heap after GC invocations=2 (full 0):
 garbage-first heap   total 262144K, used 4124K [0x0000000701000000, 0x0000000800000000)
  region size 1024K, 1 young (1024K), 1 survivors (1024K)
 Metaspace       used 20797K, capacity 21153K, committed 21296K, reserved 1069056K
  class space    used 2313K, capacity 2455K, committed 2560K, reserved 1048576K
}
Event: 48.419 GC heap before
{Heap before GC invocations=3 (full 0):
 garbage-first heap   total 20480K, used 15388K [0x0000000701000000, 0x0000000800000000)
  region size 1024K, 12 young (12288K), 1 survivors (1024K)
 Metaspace       used 22117K, capacity 22494K, committed 22576K, reserved 1069056K
  class space    used 2408K, capacity 2558K, committed 2560K, reserved 1048576K
}
Event: 48.421 GC heap after
{Heap after GC invocations=4 (full 0):
 garbage-first heap   total 20480K, used 4178K [0x0000000701000000, 0x0000000800000000)
  region size 1024K, 1 young (1024K), 1 survivors (1024K)
 Metaspace       used 22117K, capacity 22494K, committed 22576K, reserved 1069056K
  class space    used 2408K, capacity 2558K, committed 2560K, reserved 1048576K
}
Event: 64.502 GC heap before
{Heap before GC invocations=4 (full 0):
 garbage-first heap   total 20480K, used 14418K [0x0000000701000000, 0x0000000800000000)
  region size 1024K, 11 young (11264K), 1 survivors (1024K)
 Metaspace       used 22158K, capacity 22558K, committed 22832K, reserved 1069056K
  class space    used 2409K, capacity 2558K, committed 2560K, reserved 1048576K
}
Event: 64.505 GC heap after
{Heap after GC invocations=5 (full 0):
 garbage-first heap   total 20480K, used 4228K [0x0000000701000000, 0x0000000800000000)
  region size 1024K, 1 young (1024K), 1 survivors (1024K)
 Metaspace       used 22158K, capacity 22558K, committed 22832K, reserved 1069056K
  class space    used 2409K, capacity 2558K, committed 2560K, reserved 1048576K
}
Event: 96.735 GC heap before
{Heap before GC invocations=5 (full 0):
 garbage-first heap   total 20480K, used 15492K [0x0000000701000000, 0x0000000800000000)
  region size 1024K, 12 young (12288K), 1 survivors (1024K)
 Metaspace       used 22201K, capacity 22567K, committed 22832K, reserved 1069056K
  class space    used 2412K, capacity 2560K, committed 2560K, reserved 1048576K
}
Event: 96.738 GC heap after
{Heap after GC invocations=6 (full 0):
 garbage-first heap   total 20480K, used 4291K [0x0000000701000000, 0x0000000800000000)
  region size 1024K, 1 young (1024K), 1 survivors (1024K)
 Metaspace       used 22201K, capacity 22567K, committed 22832K, reserved 1069056K
  class space    used 2412K, capacity 2560K, committed 2560K, reserved 1048576K
}
Event: 127.441 GC heap before
{Heap before GC invocations=6 (full 0):
 garbage-first heap   total 20480K, used 15555K [0x0000000701000000, 0x0000000800000000)
  region size 1024K, 12 young (12288K), 1 survivors (1024K)
 Metaspace       used 22202K, capacity 22567K, committed 22832K, reserved 1069056K
  class space    used 2412K, capacity 2560K, committed 2560K, reserved 1048576K
}
Event: 127.443 GC heap after
{Heap after GC invocations=7 (full 0):
 garbage-first heap   total 20480K, used 4318K [0x0000000701000000, 0x0000000800000000)
  region size 1024K, 1 young (1024K), 1 survivors (1024K)
 Metaspace       used 22202K, capacity 22567K, committed 22832K, reserved 1069056K
  class space    used 2412K, capacity 2560K, committed 2560K, reserved 1048576K
}
Event: 159.314 GC heap before
{Heap before GC invocations=7 (full 0):
 garbage-first heap   total 20480K, used 15582K [0x0000000701000000, 0x0000000800000000)
  region size 1024K, 12 young (12288K), 1 survivors (1024K)
 Metaspace       used 22211K, capacity 22567K, committed 22832K, reserved 1069056K
  class space    used 2412K, capacity 2560K, committed 2560K, reserved 1048576K
}
Event: 159.316 GC heap after
{Heap after GC invocations=8 (full 0):
 garbage-first heap   total 20480K, used 4364K [0x0000000701000000, 0x0000000800000000)
  region size 1024K, 1 young (1024K), 1 survivors (1024K)
 Metaspace       used 22211K, capacity 22567K, committed 22832K, reserved 1069056K
  class space    used 2412K, capacity 2560K, committed 2560K, reserved 1048576K
}
Event: 221.480 GC heap before
{Heap before GC invocations=8 (full 0):
 garbage-first heap   total 20480K, used 15628K [0x0000000701000000, 0x0000000800000000)
  region size 1024K, 12 young (12288K), 1 survivors (1024K)
 Metaspace       used 22350K, capacity 22772K, committed 22960K, reserved 1069056K
  class space    used 2413K, capacity 2562K, committed 2688K, reserved 1048576K
}
Event: 221.482 GC heap after
{Heap after GC invocations=9 (full 0):
 garbage-first heap   total 20480K, used 4286K [0x0000000701000000, 0x0000000800000000)
  region size 1024K, 1 young (1024K), 1 survivors (1024K)
 Metaspace       used 22350K, capacity 22772K, committed 22960K, reserved 1069056K
  class space    used 2413K, capacity 2562K, committed 2688K, reserved 1048576K
}

