# JRE version: OpenJDK Runtime Environment (14.0.2+12) (build 14.0.2+12-46)
# Java VM: OpenJDK 64-Bit Server VM (14.0.2+12-46, mixed mode, tiered, compressed oops, g1 gc, windows-amd64)
Heap:
 garbage-first heap   total 20480K, used 12217K [0x0000000701000000, 0x0000000800000000)
  region size 1024K, 10 young (10240K), 1 survivors (1024K)
 Metaspace       used 22392K, capacity 22773K, committed 22912K, reserved 1069056K
  class space    used 2413K, capacity 2564K, committed 2688K, reserved 1048576K
GC Heap History (6 events):
Event: 1.233 GC heap before
{Heap before GC invocations=0 (full 0):
 garbage-first heap   total 262144K, used 22528K [0x0000000701000000, 0x0000000800000000)
  region size 1024K, 23 young (23552K), 0 survivors (0K)
 Metaspace       used 20097K, capacity 20437K, committed 20608K, reserved 1067008K
  class space    used 2219K, capacity 2347K, committed 2432K, reserved 1048576K
}
Event: 1.237 GC heap after
{Heap after GC invocations=1 (full 0):
 garbage-first heap   total 262144K, used 3456K [0x0000000701000000, 0x0000000800000000)
  region size 1024K, 3 young (3072K), 3 survivors (3072K)
 Metaspace       used 20097K, capacity 20437K, committed 20608K, reserved 1067008K
  class space    used 2219K, capacity 2347K, committed 2432K, reserved 1048576K
}
Event: 1.304 GC heap before
{Heap before GC invocations=1 (full 0):
 garbage-first heap   total 262144K, used 6528K [0x0000000701000000, 0x0000000800000000)
  region size 1024K, 7 young (7168K), 3 survivors (3072K)
 Metaspace       used 20760K, capacity 21088K, committed 21248K, reserved 1069056K
  class space    used 2309K, capacity 2455K, committed 2560K, reserved 1048576K
}
Event: 1.308 GC heap after
{Heap after GC invocations=2 (full 0):
 garbage-first heap   total 262144K, used 3959K [0x0000000701000000, 0x0000000800000000)
  region size 1024K, 1 young (1024K), 1 survivors (1024K)
 Metaspace       used 20760K, capacity 21088K, committed 21248K, reserved 1069056K
  class space    used 2309K, capacity 2455K, committed 2560K, reserved 1048576K
}
Event: 12.776 GC heap before
{Heap before GC invocations=3 (full 0):
 garbage-first heap   total 20480K, used 15223K [0x0000000701000000, 0x0000000800000000)
  region size 1024K, 12 young (12288K), 1 survivors (1024K)
 Metaspace       used 21626K, capacity 22029K, committed 22272K, reserved 1069056K
  class space    used 2382K, capacity 2529K, committed 2560K, reserved 1048576K
}
Event: 12.777 GC heap after
{Heap after GC invocations=4 (full 0):
 garbage-first heap   total 20480K, used 4025K [0x0000000701000000, 0x0000000800000000)
  region size 1024K, 1 young (1024K), 1 survivors (1024K)
 Metaspace       used 21626K, capacity 22029K, committed 22272K, reserved 1069056K
  class space    used 2382K, capacity 2529K, committed 2560K, reserved 1048576K
}

